<?xml version="1.0" encoding="UTF-8"?>
<testsuite name="MyTests" tests="2" skipped="0" failures="0" errors="0" timestamp="2017-12-10T11:03:29" hostname="192-168-1-18.tpgi.com.au" time="0.009">
  <properties/>
  <testcase name="checkCreditCards" classname="MyTests" time="0.007"/>
  <testcase name="testCardTypes" classname="MyTests" time="0.002"/>
  <system-out><![CDATA[]]></system-out>
  <system-err><![CDATA[]]></system-err>
</testsuite>
