<?xml version="1.0" encoding="UTF-8"?>
<testsuite name="MyTests" tests="2" skipped="0" failures="0" errors="0" timestamp="2017-12-07T02:11:48" hostname="Dats-MacBook-Air.local" time="0.007">
  <properties/>
  <testcase name="checkCreditCards" classname="MyTests" time="0.006"/>
  <testcase name="testCardTypes" classname="MyTests" time="0.001"/>
  <system-out><![CDATA[]]></system-out>
  <system-err><![CDATA[]]></system-err>
</testsuite>
